client/Bluetooth-Pair/checkUpdate-lib/build/outputs/logs/manifest-merger-release-report.txt
-- Merging decision tree log ---
manifest
ADDED from src\main\AndroidManifest.xml:1:1-18:12
INJECTED from src\main\AndroidManifest.xml:1:1-18:12
INJECTED from src\main\AndroidManifest.xml:1:1-18:12
INJECTED from src\main\AndroidManifest.xml:1:1-18:12
INJECTED from src\main\AndroidManifest.xml:1:1-18:12
INJECTED from src\main\AndroidManifest.xml:1:1-18:12
INJECTED from src\main\AndroidManifest.xml:1:1-18:12
	package
		ADDED from src\main\AndroidManifest.xml:1:11-37
		INJECTED from src\main\AndroidManifest.xml
		INJECTED from src\main\AndroidManifest.xml
	android:versionName
		INJECTED from src\main\AndroidManifest.xml
		ADDED from src\main\AndroidManifest.xml:1:1-18:12
		INJECTED from src\main\AndroidManifest.xml
	android:versionCode
		INJECTED from src\main\AndroidManifest.xml
		ADDED from src\main\AndroidManifest.xml:1:1-18:12
		INJECTED from src\main\AndroidManifest.xml
	xmlns:android
		ADDED from src\main\AndroidManifest.xml:2:11-69
uses-permission#android.permission.WRITE_EXTERNAL_STORAGE
ADDED from src\main\AndroidManifest.xml:4:5-108
	android:maxSdkVersion
		ADDED from src\main\AndroidManifest.xml:4:79-105
	android:name
		ADDED from src\main\AndroidManifest.xml:4:22-78
application
ADDED from src\main\AndroidManifest.xml:6:5-17:19
provider#ezy.boost.update.UpdateFileProvider
ADDED from src\main\AndroidManifest.xml:8:9-16:20
	android:grantUriPermissions
		ADDED from src\main\AndroidManifest.xml:12:13-47
	android:authorities
		ADDED from src\main\AndroidManifest.xml:10:13-70
	android:exported
		ADDED from src\main\AndroidManifest.xml:11:13-37
	android:name
		ADDED from src\main\AndroidManifest.xml:9:13-63
meta-data#android.support.FILE_PROVIDER_PATHS
ADDED from src\main\AndroidManifest.xml:13:13-15:60
	android:resource
		ADDED from src\main\AndroidManifest.xml:15:17-58
	android:name
		ADDED from src\main\AndroidManifest.xml:14:17-67
uses-sdk
INJECTED from src\main\AndroidManifest.xml reason: use-sdk injection requested
INJECTED from src\main\AndroidManifest.xml
INJECTED from src\main\AndroidManifest.xml
INJECTED from src\main\AndroidManifest.xml
INJECTED from src\main\AndroidManifest.xml
	android:targetSdkVersion
		INJECTED from src\main\AndroidManifest.xml
		ADDED from src\main\AndroidManifest.xml
		INJECTED from src\main\AndroidManifest.xml
	android:minSdkVersion
		INJECTED from src\main\AndroidManifest.xml
		ADDED from src\main\AndroidManifest.xml
		INJECTED from src\main\AndroidManifest.xml